Copyright 1986-2018 Xilinx, Inc. All Rights Reserved.
--------------------------------------------------------------------------------------
| Tool Version : Vivado v.2018.2.2 (lin64) Build 2348494 Mon Oct  1 18:25:39 MDT 2018
| Date         : Wed Nov 14 01:20:42 2018
| Host         : saba-desktop running 64-bit Ubuntu 18.04.1 LTS
| Command      : upgrade_ip
| Device       : xc7z020clg484-1
--------------------------------------------------------------------------------------

Upgrade Log for IP 'main_block_design_side_servo_0_0'

1. Summary
----------

SUCCESS in the upgrade of main_block_design_side_servo_0_0 (user.org:user:side_servo:1.0) from (Rev. 11) to (Rev. 12)






Copyright 1986-2018 Xilinx, Inc. All Rights Reserved.
--------------------------------------------------------------------------------------
| Tool Version : Vivado v.2018.2.2 (lin64) Build 2348494 Mon Oct  1 18:25:39 MDT 2018
| Date         : Wed Nov 14 01:11:53 2018
| Host         : saba-desktop running 64-bit Ubuntu 18.04.1 LTS
| Command      : upgrade_ip
| Device       : xc7z020clg484-1
--------------------------------------------------------------------------------------

Upgrade Log for IP 'main_block_design_side_servo_0_0'

1. Summary
----------

SUCCESS in the upgrade of main_block_design_side_servo_0_0 (user.org:user:side_servo:1.0) from (Rev. 10) to (Rev. 11)






Copyright 1986-2018 Xilinx, Inc. All Rights Reserved.
--------------------------------------------------------------------------------------
| Tool Version : Vivado v.2018.2.2 (lin64) Build 2348494 Mon Oct  1 18:25:39 MDT 2018
| Date         : Wed Nov 14 01:02:55 2018
| Host         : saba-desktop running 64-bit Ubuntu 18.04.1 LTS
| Command      : upgrade_ip
| Device       : xc7z020clg484-1
--------------------------------------------------------------------------------------

Upgrade Log for IP 'main_block_design_side_servo_0_0'

1. Summary
----------

SUCCESS in the upgrade of main_block_design_side_servo_0_0 (user.org:user:side_servo:1.0) from (Rev. 9) to (Rev. 10)






Copyright 1986-2018 Xilinx, Inc. All Rights Reserved.
--------------------------------------------------------------------------------------
| Tool Version : Vivado v.2018.2.2 (lin64) Build 2348494 Mon Oct  1 18:25:39 MDT 2018
| Date         : Wed Nov 14 00:42:41 2018
| Host         : saba-desktop running 64-bit Ubuntu 18.04.1 LTS
| Command      : upgrade_ip
| Device       : xc7z020clg484-1
--------------------------------------------------------------------------------------

Upgrade Log for IP 'main_block_design_side_servo_0_0'

1. Summary
----------

SUCCESS in the upgrade of main_block_design_side_servo_0_0 (user.org:user:side_servo:1.0) from (Rev. 8) to (Rev. 9)






Copyright 1986-2018 Xilinx, Inc. All Rights Reserved.
--------------------------------------------------------------------------------------
| Tool Version : Vivado v.2018.2.2 (lin64) Build 2348494 Mon Oct  1 18:25:39 MDT 2018
| Date         : Wed Nov 14 00:24:54 2018
| Host         : saba-desktop running 64-bit Ubuntu 18.04.1 LTS
| Command      : upgrade_ip
| Device       : xc7z020clg484-1
--------------------------------------------------------------------------------------

Upgrade Log for IP 'main_block_design_side_servo_0_0'

1. Summary
----------

SUCCESS in the upgrade of main_block_design_side_servo_0_0 (user.org:user:side_servo:1.0) from (Rev. 7) to (Rev. 8)






Copyright 1986-2018 Xilinx, Inc. All Rights Reserved.
--------------------------------------------------------------------------------------
| Tool Version : Vivado v.2018.2.2 (lin64) Build 2348494 Mon Oct  1 18:25:39 MDT 2018
| Date         : Wed Nov 14 00:12:19 2018
| Host         : saba-desktop running 64-bit Ubuntu 18.04.1 LTS
| Command      : upgrade_ip
| Device       : xc7z020clg484-1
--------------------------------------------------------------------------------------

Upgrade Log for IP 'main_block_design_side_servo_0_0'

1. Summary
----------

SUCCESS in the upgrade of main_block_design_side_servo_0_0 (user.org:user:side_servo:1.0) from (Rev. 6) to (Rev. 7)






Copyright 1986-2018 Xilinx, Inc. All Rights Reserved.
--------------------------------------------------------------------------------------
| Tool Version : Vivado v.2018.2.2 (lin64) Build 2348494 Mon Oct  1 18:25:39 MDT 2018
| Date         : Tue Nov 13 23:57:15 2018
| Host         : saba-desktop running 64-bit Ubuntu 18.04.1 LTS
| Command      : upgrade_ip
| Device       : xc7z020clg484-1
--------------------------------------------------------------------------------------

Upgrade Log for IP 'main_block_design_side_servo_0_0'

1. Summary
----------

SUCCESS in the conversion of main_block_design_side_servo_0_0 (user.org:user:side_servo:1.0 (Rev. 6)) to Vivado generation flows.






Copyright 1986-2018 Xilinx, Inc. All Rights Reserved.
--------------------------------------------------------------------------------------
| Tool Version : Vivado v.2018.2.2 (lin64) Build 2348494 Mon Oct  1 18:25:39 MDT 2018
| Date         : Tue Nov 13 23:56:45 2018
| Host         : saba-desktop running 64-bit Ubuntu 18.04.1 LTS
| Command      : upgrade_ip
| Device       : xc7z020clg484-1
--------------------------------------------------------------------------------------

Upgrade Log for IP 'main_block_design_side_servo_0_0'

1. Summary
----------

SUCCESS in the upgrade of main_block_design_side_servo_0_0 (user.org:user:side_servo:1.0) from (Rev. 5) to (Rev. 6)






Copyright 1986-2018 Xilinx, Inc. All Rights Reserved.
--------------------------------------------------------------------------------------
| Tool Version : Vivado v.2018.2.2 (lin64) Build 2348494 Mon Oct  1 18:25:39 MDT 2018
| Date         : Tue Nov 13 23:45:02 2018
| Host         : saba-desktop running 64-bit Ubuntu 18.04.1 LTS
| Command      : upgrade_ip
| Device       : xc7z020clg484-1
--------------------------------------------------------------------------------------

Upgrade Log for IP 'main_block_design_side_servo_0_0'

1. Summary
----------

SUCCESS in the upgrade of main_block_design_side_servo_0_0 (user.org:user:side_servo:1.0) from (Rev. 4) to (Rev. 5)






Copyright 1986-2018 Xilinx, Inc. All Rights Reserved.
--------------------------------------------------------------------------------------
| Tool Version : Vivado v.2018.2.2 (lin64) Build 2348494 Mon Oct  1 18:25:39 MDT 2018
| Date         : Tue Nov 13 23:11:05 2018
| Host         : saba-desktop running 64-bit Ubuntu 18.04.1 LTS
| Command      : upgrade_ip
| Device       : xc7z020clg484-1
--------------------------------------------------------------------------------------

Upgrade Log for IP 'main_block_design_side_servo_0_0'

1. Summary
----------

SUCCESS in the upgrade of main_block_design_side_servo_0_0 (user.org:user:side_servo:1.0) from (Rev. 3) to (Rev. 4)






Copyright 1986-2018 Xilinx, Inc. All Rights Reserved.
--------------------------------------------------------------------------------------
| Tool Version : Vivado v.2018.2.2 (lin64) Build 2348494 Mon Oct  1 18:25:39 MDT 2018
| Date         : Tue Nov 13 22:29:29 2018
| Host         : saba-desktop running 64-bit Ubuntu 18.04.1 LTS
| Command      : upgrade_ip
| Device       : xc7z020clg484-1
--------------------------------------------------------------------------------------

Upgrade Log for IP 'main_block_design_side_servo_0_0'

1. Summary
----------

SUCCESS in the upgrade of main_block_design_side_servo_0_0 (user.org:user:side_servo:1.0) from (Rev. 2) to (Rev. 3)

