#-----------------------------------------------------------
# Webtalk v2018.2.2 (64-bit)
# SW Build 2348494 on Mon Oct  1 18:25:39 MDT 2018
# 
# Start of session at: Tue Nov 13 23:37:18 2018
# Process ID: 2705
# Current directory: /home/saba/Documents/workstation6/2d_ultrasonic_radar/2d_ultrasonic_radar.sdk/webtalk
# Command line: wbtcv -mode batch -source sdk_webtalk.tcl
# Log file: /home/saba/Documents/workstation6/2d_ultrasonic_radar/2d_ultrasonic_radar.sdk/webtalk/webtalk.log
# Journal file: /home/saba/Documents/workstation6/2d_ultrasonic_radar/2d_ultrasonic_radar.sdk/webtalk/webtalk.jou
#-----------------------------------------------------------
source sdk_webtalk.tcl
# webtalk_init -webtalk_dir /home/saba/Documents/workstation6/2d_ultrasonic_radar/2d_ultrasonic_radar.sdk/webtalk
# webtalk_register_client -client project
# webtalk_add_data -client project -key date_generated -value "2018-11-13 23:37:17" -context "software_version_and_target_device"
# webtalk_add_data -client project -key product_version -value "SDK v2018.2" -context "software_version_and_target_device"
# webtalk_add_data -client project -key build_version -value "2018.2" -context "software_version_and_target_device"
# webtalk_add_data -client project -key os_platform -value "amd64" -context "software_version_and_target_device"
# webtalk_add_data -client project -key registration_id -value "211236389_1777520198_0_029" -context "software_version_and_target_device"
# webtalk_add_data -client project -key tool_flow -value "SDK" -context "software_version_and_target_device"
# webtalk_add_data -client project -key beta -value "false" -context "software_version_and_target_device"
# webtalk_add_data -client project -key route_design -value "NA" -context "software_version_and_target_device"
# webtalk_add_data -client project -key target_family -value "NA" -context "software_version_and_target_device"
# webtalk_add_data -client project -key target_device -value "NA" -context "software_version_and_target_device"
# webtalk_add_data -client project -key target_package -value "NA" -context "software_version_and_target_device"
# webtalk_add_data -client project -key target_speed -value "NA" -context "software_version_and_target_device"
# webtalk_add_data -client project -key random_id -value "16m88geo9noknvkrl9vnkbgeqj" -context "software_version_and_target_device"
# webtalk_add_data -client project -key project_id -value "2018.2_15" -context "software_version_and_target_device"
# webtalk_add_data -client project -key project_iteration -value "15" -context "software_version_and_target_device"
# webtalk_add_data -client project -key os_name -value "Ubuntu" -context "user_environment"
# webtalk_add_data -client project -key os_release -value "Ubuntu 18.04.1 LTS" -context "user_environment"
# webtalk_add_data -client project -key cpu_name -value "Intel(R) Core(TM) i7-5557U CPU @ 3.10GHz" -context "user_environment"
# webtalk_add_data -client project -key cpu_speed -value "2440.693 MHz" -context "user_environment"
# webtalk_add_data -client project -key total_processors -value "1" -context "user_environment"
# webtalk_add_data -client project -key system_ram -value "16.701 GB" -context "user_environment"
# webtalk_register_client -client sdk
# webtalk_add_data -client sdk -key uid -value "1542177806000" -context "sdk\\\\hardware/1542177806000"
# webtalk_add_data -client sdk -key isZynq -value "true" -context "sdk\\\\hardware/1542177806000"
# webtalk_add_data -client sdk -key isZynqMP -value "false" -context "sdk\\\\hardware/1542177806000"
# webtalk_add_data -client sdk -key Processors -value "2" -context "sdk\\\\hardware/1542177806000"
# webtalk_add_data -client sdk -key VivadoVersion -value "2018.2.2" -context "sdk\\\\hardware/1542177806000"
# webtalk_add_data -client sdk -key Arch -value "zynq" -context "sdk\\\\hardware/1542177806000"
# webtalk_add_data -client sdk -key Device -value "7z020" -context "sdk\\\\hardware/1542177806000"
# webtalk_add_data -client sdk -key IsHandoff -value "true" -context "sdk\\\\hardware/1542177806000"
# webtalk_add_data -client sdk -key os -value "NA" -context "sdk\\\\hardware/1542177806000"
# webtalk_add_data -client sdk -key apptemplate -value "NA" -context "sdk\\\\hardware/1542177806000"
# webtalk_add_data -client sdk -key RecordType -value "HWCreation" -context "sdk\\\\hardware/1542177806000"
# webtalk_add_data -client sdk -key uid -value "1542177841000" -context "sdk\\\\bsp/1542177841000"
# webtalk_add_data -client sdk -key hwid -value "1542177806000" -context "sdk\\\\bsp/1542177841000"
# webtalk_add_data -client sdk -key os -value "standalone" -context "sdk\\\\bsp/1542177841000"
# webtalk_add_data -client sdk -key apptemplate -value "hello_world" -context "sdk\\\\bsp/1542177841000"
# webtalk_add_data -client sdk -key RecordType -value "BSPCreation" -context "sdk\\\\bsp/1542177841000"
# webtalk_add_data -client sdk -key uid -value "1542177842000" -context "sdk\\\\application/1542177842000"
# webtalk_add_data -client sdk -key hwid -value "1542177806000" -context "sdk\\\\application/1542177842000"
# webtalk_add_data -client sdk -key bspid -value "1542177841000" -context "sdk\\\\application/1542177842000"
# webtalk_add_data -client sdk -key newbsp -value "true" -context "sdk\\\\application/1542177842000"
# webtalk_add_data -client sdk -key os -value "standalone" -context "sdk\\\\application/1542177842000"
# webtalk_add_data -client sdk -key apptemplate -value "hello_world" -context "sdk\\\\application/1542177842000"
# webtalk_add_data -client sdk -key RecordType -value "APPCreation" -context "sdk\\\\application/1542177842000"
# webtalk_add_data -client sdk -key LangUsed -value "C" -context "sdk\\\\application/1542177842000"
# webtalk_add_data -client sdk -key Procused -value "ps7_cortexa9" -context "sdk\\\\application/1542177842000"
# webtalk_add_data -client sdk -key projSize -value "208.96484375" -context "sdk\\\\application/1542177842000"
# webtalk_add_data -client sdk -key uid -value "NA" -context "sdk\\\\bsp/1542181037456"
# webtalk_add_data -client sdk -key RecordType -value "ToolUsage" -context "sdk\\\\bsp/1542181037456"
# webtalk_add_data -client sdk -key BootgenCount -value "0" -context "sdk\\\\bsp/1542181037456"
# webtalk_add_data -client sdk -key DebugCount -value "7" -context "sdk\\\\bsp/1542181037456"
# webtalk_add_data -client sdk -key PerfCount -value "0" -context "sdk\\\\bsp/1542181037456"
# webtalk_add_data -client sdk -key FlashCount -value "0" -context "sdk\\\\bsp/1542181037456"
# webtalk_add_data -client sdk -key CrossTriggCount -value "0" -context "sdk\\\\bsp/1542181037456"
# webtalk_add_data -client sdk -key QemuDebugCount -value "0" -context "sdk\\\\bsp/1542181037456"
# webtalk_transmit -clientid 3795850799 -regid "211236389_1777520198_0_029" -xml /home/saba/Documents/workstation6/2d_ultrasonic_radar/2d_ultrasonic_radar.sdk/webtalk/usage_statistics_ext_sdk.xml -html /home/saba/Documents/workstation6/2d_ultrasonic_radar/2d_ultrasonic_radar.sdk/webtalk/usage_statistics_ext_sdk.html -wdm /home/saba/Documents/workstation6/2d_ultrasonic_radar/2d_ultrasonic_radar.sdk/webtalk/sdk_webtalk.wdm -intro "<H3>SDK Usage Report</H3><BR>"
INFO: [Common 17-186] '/home/saba/Documents/workstation6/2d_ultrasonic_radar/2d_ultrasonic_radar.sdk/webtalk/usage_statistics_ext_sdk.xml' has been successfully sent to Xilinx on Tue Nov 13 23:37:20 2018. For additional details about this file, please refer to the WebTalk help file at /opt/Xilinx/SDK/2018.2/doc/webtalk_introduction.html.
# webtalk_terminate
INFO: [Common 17-206] Exiting Webtalk at Tue Nov 13 23:37:20 2018...
